<?xml version="1.0" encoding="UTF-8"?>
<!-- Generated by org.testng.reporters.JUnitXMLReporter -->
<testsuite hostname="My-MacBook-Pro.local" ignored="0" name="Default test" tests="4" failures="0" timestamp="27 Jan 2021 15:33:26 GMT" time="74.432" errors="0">
  <testcase name="loginPage" time="7.629" classname="tests.LoginTest"/>
  <testcase name="createAccount" time="2.401" classname="tests.SmokeTest"/>
  <testcase name="createAccount" time="1.973" classname="tests.SmokeTest"/>
  <testcase name="loginWithParameters" time="6.827" classname="tests.LoginTest"/>
</testsuite> <!-- Default test -->
